@!@!@STARTMSG 2262:0 @!@!@
TLC2 Version 2.14 of 10 July 2019
@!@!@ENDMSG 2262 @!@!@
@!@!@STARTMSG 2187:0 @!@!@
Running breadth-first search Model-Checking with fp 22 and seed 3354238481371030367 with 2 workers on 4 cores with 2370MB heap and 5329MB offheap memory [pid: 20303] (Linux 5.3.0-29-generic amd64, AdoptOpenJDK 11.0.3 x86_64, OffHeapDiskFPSet, DiskStateQueue).
@!@!@ENDMSG 2187 @!@!@
@!@!@STARTMSG 2220:0 @!@!@
Starting SANY...
@!@!@ENDMSG 2220 @!@!@
Parsing file /home/zakharov/yandex-disk/2020/дедуктивная верификация/tla/LZ.toolbox/Model_1/MC.tla
Parsing file /home/zakharov/yandex-disk/2020/дедуктивная верификация/tla/LZ.toolbox/Model_1/LZ.tla
Parsing file /home/zakharov/tools/toolbox/plugins/org.lamport.tlatools_1.0.0.201907102009/tla2sany/StandardModules/TLC.tla
Parsing file /home/zakharov/tools/toolbox/plugins/org.lamport.tlatools_1.0.0.201907102009/tla2sany/StandardModules/Integers.tla
Parsing file /home/zakharov/tools/toolbox/plugins/org.lamport.tlatools_1.0.0.201907102009/tla2sany/StandardModules/Naturals.tla
Parsing file /home/zakharov/yandex-disk/2020/дедуктивная верификация/tla/LZ.toolbox/Model_1/ELZ.tla
Parsing file /home/zakharov/tools/toolbox/plugins/org.lamport.tlatools_1.0.0.201907102009/tla2sany/StandardModules/Sequences.tla
Parsing file /home/zakharov/yandex-disk/2020/дедуктивная верификация/tla/LZ.toolbox/Model_1/FiniteSets.tla
Semantic processing of module Naturals
Semantic processing of module Integers
Semantic processing of module Sequences
Semantic processing of module FiniteSets
Semantic processing of module TLC
Semantic processing of module ELZ
Semantic processing of module LZ
Semantic processing of module MC
@!@!@STARTMSG 2219:0 @!@!@
SANY finished.
@!@!@ENDMSG 2219 @!@!@
@!@!@STARTMSG 2185:0 @!@!@
Starting... (2020-02-10 15:20:47)
@!@!@ENDMSG 2185 @!@!@
@!@!@STARTMSG 2189:0 @!@!@
Computing initial states...
@!@!@ENDMSG 2189 @!@!@
@!@!@STARTMSG 2102:1 @!@!@
Attempted to apply function:
(x1 :> "i1" @@ x2 :> "i1")
to argument 2, which is not in the domain of the function.
While working on the initial state:
/\ SigStorage = <<0, 0>>
/\ sig = (x1 :> 1 @@ x2 :> 1)
/\ pc = (x1 :> "i1" @@ x2 :> "i1")
/\ ProcValues = (x1 :> 0 @@ x2 :> 0)
/\ ProcStates = (x1 :> "working" @@ x2 :> "working")
/\ SigStates = <<"idle", "idle">>
/\ Locks = <<0, 0>>

@!@!@ENDMSG 2102 @!@!@
@!@!@STARTMSG 2103:1 @!@!@
The error occurred when TLC was evaluating the nested
expressions at the following positions:
0. Line 138, column 9 to line 145, column 43 in LZ
1. Line 138, column 12 to line 138, column 40 in LZ
2. Line 139, column 12 to line 139, column 47 in LZ
3. Line 140, column 12 to line 140, column 55 in LZ
4. Line 141, column 12 to line 141, column 49 in LZ
5. Line 142, column 12 to line 142, column 45 in LZ
6. Line 144, column 12 to line 144, column 41 in LZ
7. Line 145, column 12 to line 145, column 43 in LZ
8. Line 287, column 16 to line 289, column 85 in LZ
9. Line 287, column 18 to line 289, column 85 in LZ
10. Line 287, column 53 to line 289, column 85 in LZ
11. Line 288, column 56 to line 288, column 69 in LZ
12. Line 288, column 65 to line 288, column 69 in LZ


@!@!@ENDMSG 2103 @!@!@
@!@!@STARTMSG 2201:0 @!@!@
The coverage statistics at 2020-02-10 15:20:50
@!@!@ENDMSG 2201 @!@!@
@!@!@STARTMSG 2773:0 @!@!@
<Init line 137, col 1 to line 137, col 4 of module LZ>: 2:2
@!@!@ENDMSG 2773 @!@!@
@!@!@STARTMSG 2221:0 @!@!@
  line 138, col 9 to line 145, col 43 of module LZ: 2
@!@!@ENDMSG 2221 @!@!@
@!@!@STARTMSG 2772:0 @!@!@
<i1 line 147, col 1 to line 147, col 8 of module LZ>: 0:0
@!@!@ENDMSG 2772 @!@!@
@!@!@STARTMSG 2221:0 @!@!@
  line 148, col 22 to line 148, col 53 of module LZ: 0
@!@!@ENDMSG 2221 @!@!@
@!@!@STARTMSG 2221:0 @!@!@
  line 149, col 22 to line 149, col 53 of module LZ: 0
@!@!@ENDMSG 2221 @!@!@
@!@!@STARTMSG 2221:0 @!@!@
  line 150, col 16 to line 151, col 46 of module LZ: 0
@!@!@ENDMSG 2221 @!@!@
@!@!@STARTMSG 2772:0 @!@!@
<w1 line 153, col 1 to line 153, col 8 of module LZ>: 0:0
@!@!@ENDMSG 2772 @!@!@
@!@!@STARTMSG 2221:0 @!@!@
  line 155, col 18 to line 155, col 62 of module LZ: 0
@!@!@ENDMSG 2221 @!@!@
@!@!@STARTMSG 2221:0 @!@!@
  line 156, col 16 to line 156, col 47 of module LZ: 0
@!@!@ENDMSG 2221 @!@!@
@!@!@STARTMSG 2221:0 @!@!@
  line 157, col 16 to line 157, col 76 of module LZ: 0
@!@!@ENDMSG 2221 @!@!@
@!@!@STARTMSG 2772:0 @!@!@
<c1 line 159, col 1 to line 159, col 8 of module LZ>: 0:0
@!@!@ENDMSG 2772 @!@!@
@!@!@STARTMSG 2221:0 @!@!@
  line 160, col 16 to line 160, col 67 of module LZ: 0
@!@!@ENDMSG 2221 @!@!@
@!@!@STARTMSG 2221:0 @!@!@
  line 161, col 16 to line 161, col 47 of module LZ: 0
@!@!@ENDMSG 2221 @!@!@
@!@!@STARTMSG 2221:0 @!@!@
  line 162, col 16 to line 163, col 41 of module LZ: 0
@!@!@ENDMSG 2221 @!@!@
@!@!@STARTMSG 2772:0 @!@!@
<c2 line 165, col 1 to line 165, col 8 of module LZ>: 0:0
@!@!@ENDMSG 2772 @!@!@
@!@!@STARTMSG 2221:0 @!@!@
  line 166, col 22 to line 166, col 53 of module LZ: 0
@!@!@ENDMSG 2221 @!@!@
@!@!@STARTMSG 2221:0 @!@!@
  line 167, col 22 to line 167, col 53 of module LZ: 0
@!@!@ENDMSG 2221 @!@!@
@!@!@STARTMSG 2221:0 @!@!@
  line 168, col 16 to line 169, col 46 of module LZ: 0
@!@!@ENDMSG 2221 @!@!@
@!@!@STARTMSG 2772:0 @!@!@
<f1 line 171, col 1 to line 171, col 8 of module LZ>: 0:0
@!@!@ENDMSG 2772 @!@!@
@!@!@STARTMSG 2221:0 @!@!@
  line 173, col 16 to line 173, col 55 of module LZ: 0
@!@!@ENDMSG 2221 @!@!@
@!@!@STARTMSG 2221:0 @!@!@
  line 174, col 16 to line 174, col 47 of module LZ: 0
@!@!@ENDMSG 2221 @!@!@
@!@!@STARTMSG 2221:0 @!@!@
  line 175, col 16 to line 175, col 81 of module LZ: 0
@!@!@ENDMSG 2221 @!@!@
@!@!@STARTMSG 2772:0 @!@!@
<f2 line 177, col 1 to line 177, col 8 of module LZ>: 0:0
@!@!@ENDMSG 2772 @!@!@
@!@!@STARTMSG 2221:0 @!@!@
  line 179, col 27 to line 179, col 82 of module LZ: 0
@!@!@ENDMSG 2221 @!@!@
@!@!@STARTMSG 2221:0 @!@!@
  line 180, col 27 to line 180, col 77 of module LZ: 0
@!@!@ENDMSG 2221 @!@!@
@!@!@STARTMSG 2221:0 @!@!@
  line 181, col 27 to line 181, col 58 of module LZ: 0
@!@!@ENDMSG 2221 @!@!@
@!@!@STARTMSG 2221:0 @!@!@
  line 183, col 27 to line 183, col 58 of module LZ: 0
@!@!@ENDMSG 2221 @!@!@
@!@!@STARTMSG 2221:0 @!@!@
  line 184, col 27 to line 184, col 63 of module LZ: 0
@!@!@ENDMSG 2221 @!@!@
@!@!@STARTMSG 2221:0 @!@!@
  line 185, col 16 to line 185, col 65 of module LZ: 0
@!@!@ENDMSG 2221 @!@!@
@!@!@STARTMSG 2772:0 @!@!@
<f3 line 187, col 1 to line 187, col 8 of module LZ>: 0:0
@!@!@ENDMSG 2772 @!@!@
@!@!@STARTMSG 2221:0 @!@!@
  line 188, col 16 to line 188, col 47 of module LZ: 0
@!@!@ENDMSG 2221 @!@!@
@!@!@STARTMSG 2221:0 @!@!@
  line 189, col 16 to line 190, col 46 of module LZ: 0
@!@!@ENDMSG 2221 @!@!@
@!@!@STARTMSG 2772:0 @!@!@
<f4 line 192, col 1 to line 192, col 8 of module LZ>: 0:0
@!@!@ENDMSG 2772 @!@!@
@!@!@STARTMSG 2221:0 @!@!@
  line 193, col 16 to line 193, col 55 of module LZ: 0
@!@!@ENDMSG 2221 @!@!@
@!@!@STARTMSG 2221:0 @!@!@
  line 194, col 16 to line 194, col 47 of module LZ: 0
@!@!@ENDMSG 2221 @!@!@
@!@!@STARTMSG 2221:0 @!@!@
  line 195, col 16 to line 195, col 81 of module LZ: 0
@!@!@ENDMSG 2221 @!@!@
@!@!@STARTMSG 2772:0 @!@!@
<r1 line 197, col 1 to line 197, col 8 of module LZ>: 0:0
@!@!@ENDMSG 2772 @!@!@
@!@!@STARTMSG 2221:0 @!@!@
  line 199, col 16 to line 199, col 55 of module LZ: 0
@!@!@ENDMSG 2221 @!@!@
@!@!@STARTMSG 2221:0 @!@!@
  line 200, col 16 to line 200, col 47 of module LZ: 0
@!@!@ENDMSG 2221 @!@!@
@!@!@STARTMSG 2221:0 @!@!@
  line 201, col 16 to line 201, col 81 of module LZ: 0
@!@!@ENDMSG 2221 @!@!@
@!@!@STARTMSG 2772:0 @!@!@
<r2 line 203, col 1 to line 203, col 8 of module LZ>: 0:0
@!@!@ENDMSG 2772 @!@!@
@!@!@STARTMSG 2221:0 @!@!@
  line 205, col 27 to line 205, col 91 of module LZ: 0
@!@!@ENDMSG 2221 @!@!@
@!@!@STARTMSG 2221:0 @!@!@
  line 206, col 27 to line 206, col 79 of module LZ: 0
@!@!@ENDMSG 2221 @!@!@
@!@!@STARTMSG 2221:0 @!@!@
  line 207, col 27 to line 207, col 79 of module LZ: 0
@!@!@ENDMSG 2221 @!@!@
@!@!@STARTMSG 2221:0 @!@!@
  line 208, col 27 to line 208, col 58 of module LZ: 0
@!@!@ENDMSG 2221 @!@!@
@!@!@STARTMSG 2221:0 @!@!@
  line 210, col 27 to line 210, col 58 of module LZ: 0
@!@!@ENDMSG 2221 @!@!@
@!@!@STARTMSG 2221:0 @!@!@
  line 211, col 27 to line 211, col 75 of module LZ: 0
@!@!@ENDMSG 2221 @!@!@
@!@!@STARTMSG 2221:0 @!@!@
  line 212, col 16 to line 212, col 53 of module LZ: 0
@!@!@ENDMSG 2221 @!@!@
@!@!@STARTMSG 2772:0 @!@!@
<r3 line 214, col 1 to line 214, col 8 of module LZ>: 0:0
@!@!@ENDMSG 2772 @!@!@
@!@!@STARTMSG 2221:0 @!@!@
  line 215, col 16 to line 215, col 47 of module LZ: 0
@!@!@ENDMSG 2221 @!@!@
@!@!@STARTMSG 2221:0 @!@!@
  line 216, col 16 to line 217, col 46 of module LZ: 0
@!@!@ENDMSG 2221 @!@!@
@!@!@STARTMSG 2772:0 @!@!@
<r4 line 219, col 1 to line 219, col 8 of module LZ>: 0:0
@!@!@ENDMSG 2772 @!@!@
@!@!@STARTMSG 2221:0 @!@!@
  line 220, col 16 to line 220, col 47 of module LZ: 0
@!@!@ENDMSG 2221 @!@!@
@!@!@STARTMSG 2221:0 @!@!@
  line 221, col 16 to line 222, col 46 of module LZ: 0
@!@!@ENDMSG 2221 @!@!@
@!@!@STARTMSG 2772:0 @!@!@
<r5 line 224, col 1 to line 224, col 8 of module LZ>: 0:0
@!@!@ENDMSG 2772 @!@!@
@!@!@STARTMSG 2221:0 @!@!@
  line 225, col 16 to line 225, col 55 of module LZ: 0
@!@!@ENDMSG 2221 @!@!@
@!@!@STARTMSG 2221:0 @!@!@
  line 226, col 16 to line 226, col 47 of module LZ: 0
@!@!@ENDMSG 2221 @!@!@
@!@!@STARTMSG 2221:0 @!@!@
  line 227, col 16 to line 227, col 81 of module LZ: 0
@!@!@ENDMSG 2221 @!@!@
@!@!@STARTMSG 2772:0 @!@!@
<s1 line 229, col 1 to line 229, col 8 of module LZ>: 0:0
@!@!@ENDMSG 2772 @!@!@
@!@!@STARTMSG 2221:0 @!@!@
  line 231, col 16 to line 231, col 55 of module LZ: 0
@!@!@ENDMSG 2221 @!@!@
@!@!@STARTMSG 2221:0 @!@!@
  line 232, col 16 to line 232, col 47 of module LZ: 0
@!@!@ENDMSG 2221 @!@!@
@!@!@STARTMSG 2221:0 @!@!@
  line 233, col 16 to line 233, col 81 of module LZ: 0
@!@!@ENDMSG 2221 @!@!@
@!@!@STARTMSG 2772:0 @!@!@
<s2 line 235, col 1 to line 235, col 8 of module LZ>: 0:0
@!@!@ENDMSG 2772 @!@!@
@!@!@STARTMSG 2221:0 @!@!@
  line 237, col 27 to line 237, col 91 of module LZ: 0
@!@!@ENDMSG 2221 @!@!@
@!@!@STARTMSG 2221:0 @!@!@
  line 238, col 27 to line 238, col 78 of module LZ: 0
@!@!@ENDMSG 2221 @!@!@
@!@!@STARTMSG 2221:0 @!@!@
  line 239, col 27 to line 239, col 79 of module LZ: 0
@!@!@ENDMSG 2221 @!@!@
@!@!@STARTMSG 2221:0 @!@!@
  line 240, col 27 to line 240, col 58 of module LZ: 0
@!@!@ENDMSG 2221 @!@!@
@!@!@STARTMSG 2221:0 @!@!@
  line 242, col 27 to line 242, col 58 of module LZ: 0
@!@!@ENDMSG 2221 @!@!@
@!@!@STARTMSG 2221:0 @!@!@
  line 243, col 27 to line 243, col 75 of module LZ: 0
@!@!@ENDMSG 2221 @!@!@
@!@!@STARTMSG 2221:0 @!@!@
  line 244, col 16 to line 244, col 53 of module LZ: 0
@!@!@ENDMSG 2221 @!@!@
@!@!@STARTMSG 2772:0 @!@!@
<s3 line 246, col 1 to line 246, col 8 of module LZ>: 0:0
@!@!@ENDMSG 2772 @!@!@
@!@!@STARTMSG 2221:0 @!@!@
  line 247, col 16 to line 247, col 47 of module LZ: 0
@!@!@ENDMSG 2221 @!@!@
@!@!@STARTMSG 2221:0 @!@!@
  line 248, col 16 to line 249, col 46 of module LZ: 0
@!@!@ENDMSG 2221 @!@!@
@!@!@STARTMSG 2772:0 @!@!@
<s4 line 251, col 1 to line 251, col 8 of module LZ>: 0:0
@!@!@ENDMSG 2772 @!@!@
@!@!@STARTMSG 2221:0 @!@!@
  line 252, col 16 to line 252, col 47 of module LZ: 0
@!@!@ENDMSG 2221 @!@!@
@!@!@STARTMSG 2221:0 @!@!@
  line 253, col 16 to line 254, col 46 of module LZ: 0
@!@!@ENDMSG 2221 @!@!@
@!@!@STARTMSG 2772:0 @!@!@
<s5 line 256, col 1 to line 256, col 8 of module LZ>: 0:0
@!@!@ENDMSG 2772 @!@!@
@!@!@STARTMSG 2221:0 @!@!@
  line 257, col 16 to line 257, col 55 of module LZ: 0
@!@!@ENDMSG 2221 @!@!@
@!@!@STARTMSG 2221:0 @!@!@
  line 258, col 16 to line 258, col 47 of module LZ: 0
@!@!@ENDMSG 2221 @!@!@
@!@!@STARTMSG 2221:0 @!@!@
  line 259, col 16 to line 259, col 81 of module LZ: 0
@!@!@ENDMSG 2221 @!@!@
@!@!@STARTMSG 2772:0 @!@!@
<Terminating line 267, col 1 to line 267, col 11 of module LZ>: 0:0
@!@!@ENDMSG 2772 @!@!@
@!@!@STARTMSG 2221:0 @!@!@
  line 268, col 19 to line 268, col 32 of module LZ: 0
@!@!@ENDMSG 2221 @!@!@
@!@!@STARTMSG 2774:0 @!@!@
<Action line 287, col 16 to line 289, col 85 of module LZ>
@!@!@ENDMSG 2774 @!@!@
@!@!@STARTMSG 2221:0 @!@!@
  line 287, col 16 to line 289, col 85 of module LZ: 2
@!@!@ENDMSG 2221 @!@!@
@!@!@STARTMSG 2202:0 @!@!@
End of statistics.
@!@!@ENDMSG 2202 @!@!@
@!@!@STARTMSG 2200:0 @!@!@
Progress(1) at 2020-02-10 15:20:50: 1 states generated (15 s/min), 1 distinct states found (15 ds/min), 1 states left on queue.
@!@!@ENDMSG 2200 @!@!@
@!@!@STARTMSG 2199:0 @!@!@
1 states generated, 1 distinct states found, 1 states left on queue.
@!@!@ENDMSG 2199 @!@!@
@!@!@STARTMSG 2186:0 @!@!@
Finished in 3905ms at (2020-02-10 15:20:50)
@!@!@ENDMSG 2186 @!@!@
