@!@!@STARTMSG 2262:0 @!@!@
TLC2 Version 2.14 of 10 July 2019
@!@!@ENDMSG 2262 @!@!@
@!@!@STARTMSG 2187:0 @!@!@
Running breadth-first search Model-Checking with fp 100 and seed 6858545207657137170 with 2 workers on 4 cores with 2370MB heap and 5329MB offheap memory [pid: 5421] (Linux 5.3.0-29-generic amd64, AdoptOpenJDK 11.0.3 x86_64, OffHeapDiskFPSet, DiskStateQueue).
@!@!@ENDMSG 2187 @!@!@
@!@!@STARTMSG 2220:0 @!@!@
Starting SANY...
@!@!@ENDMSG 2220 @!@!@
Parsing file /home/zakharov/yandex-disk/2020/дедуктивная верификация/tla/LZ.toolbox/Model_1/MC.tla
Parsing file /home/zakharov/yandex-disk/2020/дедуктивная верификация/tla/LZ.toolbox/Model_1/LZ.tla
Parsing file /home/zakharov/tools/toolbox/plugins/org.lamport.tlatools_1.0.0.201907102009/tla2sany/StandardModules/TLC.tla
Parsing file /home/zakharov/tools/toolbox/plugins/org.lamport.tlatools_1.0.0.201907102009/tla2sany/StandardModules/Integers.tla
Parsing file /home/zakharov/tools/toolbox/plugins/org.lamport.tlatools_1.0.0.201907102009/tla2sany/StandardModules/Naturals.tla
Parsing file /home/zakharov/yandex-disk/2020/дедуктивная верификация/tla/LZ.toolbox/Model_1/ELZ.tla
Parsing file /home/zakharov/tools/toolbox/plugins/org.lamport.tlatools_1.0.0.201907102009/tla2sany/StandardModules/Sequences.tla
Parsing file /usr/local/lib/tlaps/FiniteSets.tla
Semantic processing of module Naturals
Semantic processing of module Integers
Semantic processing of module ELZ
Semantic processing of module LZ
Semantic processing of module Sequences
Semantic processing of module FiniteSets
Semantic processing of module TLC
Semantic processing of module MC
@!@!@STARTMSG 2219:0 @!@!@
SANY finished.
@!@!@ENDMSG 2219 @!@!@
@!@!@STARTMSG 2185:0 @!@!@
Starting... (2020-02-10 17:06:13)
@!@!@ENDMSG 2185 @!@!@
@!@!@STARTMSG 2189:0 @!@!@
Computing initial states...
@!@!@ENDMSG 2189 @!@!@
@!@!@STARTMSG 2107:1 @!@!@
Invariant inv_1581343573087245000 is violated by the initial state:
/\ ProcSignals = <<0, 0>>
/\ SigStorage = <<0, 0>>
/\ pc = (x1 :> "i1" @@ x2 :> "i1")
/\ ProcValues = (x1 :> 0 @@ x2 :> 0)
/\ ProcStates = (x1 :> "working" @@ x2 :> "working")
/\ SigStates = <<"idle", "idle">>
/\ Locks = <<0, 0>>

@!@!@ENDMSG 2107 @!@!@
@!@!@STARTMSG 2186:0 @!@!@
Finished in 2353ms at (2020-02-10 17:06:15)
@!@!@ENDMSG 2186 @!@!@
